2025-12-16 14:47:59 - Processing started
Received 1 deposits
2025-12-16 14:49:11 - Processing started
Received 1 deposits
Row 0: Calling getContractById(75)
2025-12-16 14:52:20 - Processing started
Received 1 deposits
Row 0: Calling getContractById(75)
Row 0: Calling calculateAccruedInterest
Processing Row 0: ID 75
Row 0: Calling process_collection with txn_id txn_6940f394ee424
Commit successful. Success count: 1
2025-12-16 14:55:24 - Processing started
Received 1 deposits
Row 0: Calling getContractById(75)
Rollback due to: Call to undefined function getContractById()
#0 {main}
2025-12-16 15:10:06 - Processing started
Received 1 deposits
Row 0: Calling getContractById(75)
Row 0: Calling calculateAccruedInterest
Processing Row 0: ID 75
Row 0: Calling process_collection with txn_id txn_6940f7beecaf0
Commit successful. Success count: 1
2025-12-16 15:14:46 - Processing started
Received 1 deposits
Row 0: Calling getContractById(75)
Row 0: Calling calculateAccruedInterest
Processing Row 0: ID 75
Row 0: Calling process_collection with txn_id txn_6940f8d610226
Commit successful. Success count: 1
